c:\users\mopil\source\repos\mopil\project7\oop1_projcet_v2\painter\x64\debug\vc143.pdb
c:\users\mopil\source\repos\mopil\project7\oop1_projcet_v2\painter\x64\debug\vc143.idb
c:\users\mopil\source\repos\mopil\project7\oop1_projcet_v2\painter\x64\debug\rect.obj
c:\users\mopil\source\repos\mopil\project7\oop1_projcet_v2\painter\x64\debug\painterframe.obj
c:\users\mopil\source\repos\mopil\project7\oop1_projcet_v2\painter\x64\debug\mymenubar.obj
c:\users\mopil\source\repos\mopil\project7\oop1_projcet_v2\painter\x64\debug\mylabel.obj
c:\users\mopil\source\repos\mopil\project7\oop1_projcet_v2\painter\x64\debug\mybutton.obj
c:\users\mopil\source\repos\mopil\project7\oop1_projcet_v2\painter\x64\debug\main.obj
c:\users\mopil\source\repos\mopil\project7\oop1_projcet_v2\painter\x64\debug\groupbox.obj
c:\users\mopil\source\repos\mopil\project7\oop1_projcet_v2\painter\x64\debug\group.obj
c:\users\mopil\source\repos\mopil\project7\oop1_projcet_v2\painter\x64\debug\figure.obj
c:\users\mopil\source\repos\mopil\project7\oop1_projcet_v2\painter\x64\debug\circle.obj
c:\users\mopil\source\repos\mopil\project7\oop1_projcet_v2\x64\debug\painter.exe
c:\users\mopil\source\repos\mopil\project7\oop1_projcet_v2\painter\x64\debug\painter.ilk
c:\users\mopil\source\repos\mopil\project7\oop1_projcet_v2\x64\debug\painter.pdb
c:\users\mopil\source\repos\mopil\project7\oop1_projcet_v2\painter\x64\debug\painter.tlog\cl.command.1.tlog
c:\users\mopil\source\repos\mopil\project7\oop1_projcet_v2\painter\x64\debug\painter.tlog\cl.read.1.tlog
c:\users\mopil\source\repos\mopil\project7\oop1_projcet_v2\painter\x64\debug\painter.tlog\cl.write.1.tlog
c:\users\mopil\source\repos\mopil\project7\oop1_projcet_v2\painter\x64\debug\painter.tlog\link.command.1.tlog
c:\users\mopil\source\repos\mopil\project7\oop1_projcet_v2\painter\x64\debug\painter.tlog\link.read.1.tlog
c:\users\mopil\source\repos\mopil\project7\oop1_projcet_v2\painter\x64\debug\painter.tlog\link.write.1.tlog
