c:\users\mopil\source\repos\oop1proj2021\x64\debug\myguilib.pdb
c:\users\mopil\source\repos\oop1proj2021\x64\debug\myguilib.idb
c:\users\mopil\source\repos\oop1proj2021\myguilib\x64\debug\misc.obj
c:\users\mopil\source\repos\oop1proj2021\myguilib\x64\debug\frame.obj
c:\users\mopil\source\repos\oop1proj2021\myguilib\x64\debug\button.obj
c:\users\mopil\source\repos\oop1proj2021\myguilib\x64\debug\actionlistener.obj
c:\users\mopil\source\repos\mopil\project7\oop1_projcet_v2\x64\debug\myguilib.pdb
c:\users\mopil\source\repos\mopil\project7\oop1_projcet_v2\x64\debug\myguilib.idb
c:\users\mopil\source\repos\mopil\project7\oop1_projcet_v2\myguilib\x64\debug\misc.obj
c:\users\mopil\source\repos\mopil\project7\oop1_projcet_v2\myguilib\x64\debug\label.obj
c:\users\mopil\source\repos\mopil\project7\oop1_projcet_v2\myguilib\x64\debug\frame.obj
c:\users\mopil\source\repos\mopil\project7\oop1_projcet_v2\myguilib\x64\debug\component.obj
c:\users\mopil\source\repos\mopil\project7\oop1_projcet_v2\myguilib\x64\debug\button.obj
c:\users\mopil\source\repos\mopil\project7\oop1_projcet_v2\myguilib\x64\debug\actionlistener.obj
c:\users\mopil\source\repos\oop1proj2021\x64\debug\myguilib.lib
c:\users\mopil\source\repos\mopil\project7\oop1_projcet_v2\x64\debug\myguilib.lib
c:\users\mopil\source\repos\mopil\project7\oop1_projcet_v2\myguilib\x64\debug\myguilib.tlog\cl.command.1.tlog
c:\users\mopil\source\repos\mopil\project7\oop1_projcet_v2\myguilib\x64\debug\myguilib.tlog\cl.read.1.tlog
c:\users\mopil\source\repos\mopil\project7\oop1_projcet_v2\myguilib\x64\debug\myguilib.tlog\cl.write.1.tlog
c:\users\mopil\source\repos\mopil\project7\oop1_projcet_v2\myguilib\x64\debug\myguilib.tlog\lib-link.read.1.tlog
c:\users\mopil\source\repos\mopil\project7\oop1_projcet_v2\myguilib\x64\debug\myguilib.tlog\lib-link.write.1.tlog
c:\users\mopil\source\repos\mopil\project7\oop1_projcet_v2\myguilib\x64\debug\myguilib.tlog\lib.command.1.tlog
